<?xml version="1.0" encoding="UTF-8"?>
<testsuite name="Тесты для WordFrequencyCounter" tests="8" skipped="0" failures="0" errors="0" timestamp="2026-03-01T09:57:55.323Z" hostname="DESKTOP-V0OQPAN" time="0.065">
  <properties/>
  <testcase name="Должен обрабатывать разные разделители" classname="org.example.WordFrequencyCounterTest" time="0.035"/>
  <testcase name="Должен обрабатывать смешанный текст" classname="org.example.WordFrequencyCounterTest" time="0.002"/>
  <testcase name="Должен правильно считать повторяющиеся слова" classname="org.example.WordFrequencyCounterTest" time="0.003"/>
  <testcase name="Должен обрабатывать слова с цифрами" classname="org.example.WordFrequencyCounterTest" time="0.002"/>
  <testcase name="Должен выбросить IOException при ошибке чтения" classname="org.example.WordFrequencyCounterTest" time="0.005"/>
  <testcase name="Должен обрабатывать переносы строк" classname="org.example.WordFrequencyCounterTest" time="0.002"/>
  <testcase name="Должен найти одно слово" classname="org.example.WordFrequencyCounterTest" time="0.002"/>
  <testcase name="Должен обработать пустой файл" classname="org.example.WordFrequencyCounterTest" time="0.003"/>
  <system-out><![CDATA[Converting of the file is done
Converting of the file is done
Converting of the file is done
Converting of the file is done
Converting of the file is done
Converting of the file is done
Converting of the file is done
]]></system-out>
  <system-err><![CDATA[]]></system-err>
</testsuite>
